<?xml version="1.0" encoding="UTF-8"?>
<!-- Generated by org.testng.reporters.JUnitXMLReporter -->
<testsuite hostname="DESKTOP-35GOPG2" ignored="0" name="Test" tests="4" failures="0" timestamp="2021-05-02T15:30:50 EDT" time="2.932" errors="0">
  <testcase name="@BeforeMethod launch_browser" time="1.731" classname="test_cases.Orange_HRM_LoginPage_Test">
    <failure type="org.openqa.selenium.SessionNotCreatedException" message="session not created: This version of ChromeDriver only supports Chrome version 88
Current browser version is 90.0.4430.93 with binary path C:\Program Files\Google\Chrome\Application\chrome.exe
Build info: version: &amp;apos;3.141.59&amp;apos;, revision: &amp;apos;e82be7d358&amp;apos;, time: &amp;apos;2018-11-14T08:17:03&amp;apos;
System info: host: &amp;apos;DESKTOP-35GOPG2&amp;apos;, ip: &amp;apos;192.168.0.109&amp;apos;, os.name: &amp;apos;Windows 10&amp;apos;, os.arch: &amp;apos;amd64&amp;apos;, os.version: &amp;apos;10.0&amp;apos;, java.version: &amp;apos;1.8.0_281&amp;apos;
Driver info: driver.version: ChromeDriver
remote stacktrace: Backtrace:
	GetHandleVerifier [0x0079B963+483]
	GetHandleVerifier [0x0079B941+449]
	GetHandleVerifier [0x00B43308+3832712]
	GetHandleVerifier [0x00B5D69A+3940122]
	GetHandleVerifier [0x00B59AFB+3924859]
	GetHandleVerifier [0x00B57D9C+3917340]
	GetHandleVerifier [0x00B7E7FE+4075646]
	GetHandleVerifier [0x00B7E56C+4074988]
	GetHandleVerifier [0x00B7B2EB+4062059]
	GetHandleVerifier [0x00B5ED14+3945876]
	GetHandleVerifier [0x00B5FBCE+3949646]
	GetHandleVerifier [0x00B5FB59+3949529]
	Ordinal0 [0x0075B5CC+46540]
	Ordinal0 [0x00759F53+40787]
	Ordinal0 [0x00759B12+39698]
	GetHandleVerifier [0x00A61468+2907368]
	GetHandleVerifier [0x008A71EE+1096302]
	GetHandleVerifier [0x00863E8D+821005]
	GetHandleVerifier [0x0086396B+819691]
	GetHandleVerifier [0x00863881+819457]
	GetHandleVerifier [0x0088F463+998627]
	BaseThreadInitThunk [0x769DFA29+25]
	RtlGetAppContainerNamedObjectPath [0x77EA7A4E+286]
	RtlGetAppContainerNamedObjectPath [0x77EA7A1E+238]
">
      <![CDATA[org.openqa.selenium.SessionNotCreatedException: session not created: This version of ChromeDriver only supports Chrome version 88
Current browser version is 90.0.4430.93 with binary path C:\Program Files\Google\Chrome\Application\chrome.exe
Build info: version: '3.141.59', revision: 'e82be7d358', time: '2018-11-14T08:17:03'
System info: host: 'DESKTOP-35GOPG2', ip: '192.168.0.109', os.name: 'Windows 10', os.arch: 'amd64', os.version: '10.0', java.version: '1.8.0_281'
Driver info: driver.version: ChromeDriver
remote stacktrace: Backtrace:
GetHandleVerifier [0x0079B963+483]
GetHandleVerifier [0x0079B941+449]
GetHandleVerifier [0x00B43308+3832712]
GetHandleVerifier [0x00B5D69A+3940122]
GetHandleVerifier [0x00B59AFB+3924859]
GetHandleVerifier [0x00B57D9C+3917340]
GetHandleVerifier [0x00B7E7FE+4075646]
GetHandleVerifier [0x00B7E56C+4074988]
GetHandleVerifier [0x00B7B2EB+4062059]
GetHandleVerifier [0x00B5ED14+3945876]
GetHandleVerifier [0x00B5FBCE+3949646]
GetHandleVerifier [0x00B5FB59+3949529]
Ordinal0 [0x0075B5CC+46540]
Ordinal0 [0x00759F53+40787]
Ordinal0 [0x00759B12+39698]
GetHandleVerifier [0x00A61468+2907368]
GetHandleVerifier [0x008A71EE+1096302]
GetHandleVerifier [0x00863E8D+821005]
GetHandleVerifier [0x0086396B+819691]
GetHandleVerifier [0x00863881+819457]
GetHandleVerifier [0x0088F463+998627]
BaseThreadInitThunk [0x769DFA29+25]
RtlGetAppContainerNamedObjectPath [0x77EA7A4E+286]
RtlGetAppContainerNamedObjectPath [0x77EA7A1E+238]

at org.openqa.selenium.remote.W3CHandshakeResponse.lambda$errorHandler$0(W3CHandshakeResponse.java:62)
at org.openqa.selenium.remote.HandshakeResponse.lambda$getResponseFunction$0(HandshakeResponse.java:30)
at org.openqa.selenium.remote.ProtocolHandshake.lambda$createSession$0(ProtocolHandshake.java:126)
at java.util.stream.ReferencePipeline$3$1.accept(ReferencePipeline.java:193)
at java.util.Spliterators$ArraySpliterator.tryAdvance(Spliterators.java:958)
at java.util.stream.ReferencePipeline.forEachWithCancel(ReferencePipeline.java:126)
at java.util.stream.AbstractPipeline.copyIntoWithCancel(AbstractPipeline.java:499)
at java.util.stream.AbstractPipeline.copyInto(AbstractPipeline.java:486)
at java.util.stream.AbstractPipeline.wrapAndCopyInto(AbstractPipeline.java:472)
at java.util.stream.FindOps$FindOp.evaluateSequential(FindOps.java:152)
at java.util.stream.AbstractPipeline.evaluate(AbstractPipeline.java:234)
at java.util.stream.ReferencePipeline.findFirst(ReferencePipeline.java:464)
at org.openqa.selenium.remote.ProtocolHandshake.createSession(ProtocolHandshake.java:128)
at org.openqa.selenium.remote.ProtocolHandshake.createSession(ProtocolHandshake.java:74)
at org.openqa.selenium.remote.HttpCommandExecutor.execute(HttpCommandExecutor.java:136)
at org.openqa.selenium.remote.service.DriverCommandExecutor.execute(DriverCommandExecutor.java:83)
at org.openqa.selenium.remote.RemoteWebDriver.execute(RemoteWebDriver.java:552)
at org.openqa.selenium.remote.RemoteWebDriver.startSession(RemoteWebDriver.java:213)
at org.openqa.selenium.remote.RemoteWebDriver.<init>(RemoteWebDriver.java:131)
at org.openqa.selenium.chrome.ChromeDriver.<init>(ChromeDriver.java:181)
at org.openqa.selenium.chrome.ChromeDriver.<init>(ChromeDriver.java:168)
at org.openqa.selenium.chrome.ChromeDriver.<init>(ChromeDriver.java:123)
at base.Test_Base.initialization(Test_Base.java:34)
at test_cases.Orange_HRM_LoginPage_Test.launch_browser(Orange_HRM_LoginPage_Test.java:25)
at java.util.ArrayList.forEach(ArrayList.java:1259)
... Removed 35 stack frames]]>
    </failure>
  </testcase> <!-- @BeforeMethod launch_browser -->
  <testcase name="@AfterMethod close_browser" time="-1.619983848868E9" classname="test_cases.Orange_HRM_LoginPage_Test">
    <skipped/>
  </testcase> <!-- @AfterMethod close_browser -->
  <testcase name="@BeforeMethod launch_browser" time="-1.619983848871E9" classname="test_cases.Orange_HRM_LoginPage_Test">
    <skipped/>
  </testcase> <!-- @BeforeMethod launch_browser -->
  <testcase name="@AfterMethod close_browser" time="-1.619983848876E9" classname="test_cases.Orange_HRM_LoginPage_Test">
    <skipped/>
  </testcase> <!-- @AfterMethod close_browser -->
  <testcase name="@BeforeMethod launch_browser" time="1.124" classname="test_cases.Orange_HRM_Homepage_Test">
    <failure type="org.openqa.selenium.SessionNotCreatedException" message="session not created: This version of ChromeDriver only supports Chrome version 88
Current browser version is 90.0.4430.93 with binary path C:\Program Files\Google\Chrome\Application\chrome.exe
Build info: version: &amp;apos;3.141.59&amp;apos;, revision: &amp;apos;e82be7d358&amp;apos;, time: &amp;apos;2018-11-14T08:17:03&amp;apos;
System info: host: &amp;apos;DESKTOP-35GOPG2&amp;apos;, ip: &amp;apos;192.168.0.109&amp;apos;, os.name: &amp;apos;Windows 10&amp;apos;, os.arch: &amp;apos;amd64&amp;apos;, os.version: &amp;apos;10.0&amp;apos;, java.version: &amp;apos;1.8.0_281&amp;apos;
Driver info: driver.version: ChromeDriver
remote stacktrace: Backtrace:
	GetHandleVerifier [0x0079B963+483]
	GetHandleVerifier [0x0079B941+449]
	GetHandleVerifier [0x00B43308+3832712]
	GetHandleVerifier [0x00B5D69A+3940122]
	GetHandleVerifier [0x00B59AFB+3924859]
	GetHandleVerifier [0x00B57D9C+3917340]
	GetHandleVerifier [0x00B7E7FE+4075646]
	GetHandleVerifier [0x00B7E56C+4074988]
	GetHandleVerifier [0x00B7B2EB+4062059]
	GetHandleVerifier [0x00B5ED14+3945876]
	GetHandleVerifier [0x00B5FBCE+3949646]
	GetHandleVerifier [0x00B5FB59+3949529]
	Ordinal0 [0x0075B5CC+46540]
	Ordinal0 [0x00759F53+40787]
	Ordinal0 [0x00759B12+39698]
	GetHandleVerifier [0x00A61468+2907368]
	GetHandleVerifier [0x008A71EE+1096302]
	GetHandleVerifier [0x00863E8D+821005]
	GetHandleVerifier [0x0086396B+819691]
	GetHandleVerifier [0x00863881+819457]
	GetHandleVerifier [0x0088F463+998627]
	BaseThreadInitThunk [0x769DFA29+25]
	RtlGetAppContainerNamedObjectPath [0x77EA7A4E+286]
	RtlGetAppContainerNamedObjectPath [0x77EA7A1E+238]
">
      <![CDATA[org.openqa.selenium.SessionNotCreatedException: session not created: This version of ChromeDriver only supports Chrome version 88
Current browser version is 90.0.4430.93 with binary path C:\Program Files\Google\Chrome\Application\chrome.exe
Build info: version: '3.141.59', revision: 'e82be7d358', time: '2018-11-14T08:17:03'
System info: host: 'DESKTOP-35GOPG2', ip: '192.168.0.109', os.name: 'Windows 10', os.arch: 'amd64', os.version: '10.0', java.version: '1.8.0_281'
Driver info: driver.version: ChromeDriver
remote stacktrace: Backtrace:
GetHandleVerifier [0x0079B963+483]
GetHandleVerifier [0x0079B941+449]
GetHandleVerifier [0x00B43308+3832712]
GetHandleVerifier [0x00B5D69A+3940122]
GetHandleVerifier [0x00B59AFB+3924859]
GetHandleVerifier [0x00B57D9C+3917340]
GetHandleVerifier [0x00B7E7FE+4075646]
GetHandleVerifier [0x00B7E56C+4074988]
GetHandleVerifier [0x00B7B2EB+4062059]
GetHandleVerifier [0x00B5ED14+3945876]
GetHandleVerifier [0x00B5FBCE+3949646]
GetHandleVerifier [0x00B5FB59+3949529]
Ordinal0 [0x0075B5CC+46540]
Ordinal0 [0x00759F53+40787]
Ordinal0 [0x00759B12+39698]
GetHandleVerifier [0x00A61468+2907368]
GetHandleVerifier [0x008A71EE+1096302]
GetHandleVerifier [0x00863E8D+821005]
GetHandleVerifier [0x0086396B+819691]
GetHandleVerifier [0x00863881+819457]
GetHandleVerifier [0x0088F463+998627]
BaseThreadInitThunk [0x769DFA29+25]
RtlGetAppContainerNamedObjectPath [0x77EA7A4E+286]
RtlGetAppContainerNamedObjectPath [0x77EA7A1E+238]

at org.openqa.selenium.remote.W3CHandshakeResponse.lambda$errorHandler$0(W3CHandshakeResponse.java:62)
at org.openqa.selenium.remote.HandshakeResponse.lambda$getResponseFunction$0(HandshakeResponse.java:30)
at org.openqa.selenium.remote.ProtocolHandshake.lambda$createSession$0(ProtocolHandshake.java:126)
at java.util.stream.ReferencePipeline$3$1.accept(ReferencePipeline.java:193)
at java.util.Spliterators$ArraySpliterator.tryAdvance(Spliterators.java:958)
at java.util.stream.ReferencePipeline.forEachWithCancel(ReferencePipeline.java:126)
at java.util.stream.AbstractPipeline.copyIntoWithCancel(AbstractPipeline.java:499)
at java.util.stream.AbstractPipeline.copyInto(AbstractPipeline.java:486)
at java.util.stream.AbstractPipeline.wrapAndCopyInto(AbstractPipeline.java:472)
at java.util.stream.FindOps$FindOp.evaluateSequential(FindOps.java:152)
at java.util.stream.AbstractPipeline.evaluate(AbstractPipeline.java:234)
at java.util.stream.ReferencePipeline.findFirst(ReferencePipeline.java:464)
at org.openqa.selenium.remote.ProtocolHandshake.createSession(ProtocolHandshake.java:128)
at org.openqa.selenium.remote.ProtocolHandshake.createSession(ProtocolHandshake.java:74)
at org.openqa.selenium.remote.HttpCommandExecutor.execute(HttpCommandExecutor.java:136)
at org.openqa.selenium.remote.service.DriverCommandExecutor.execute(DriverCommandExecutor.java:83)
at org.openqa.selenium.remote.RemoteWebDriver.execute(RemoteWebDriver.java:552)
at org.openqa.selenium.remote.RemoteWebDriver.startSession(RemoteWebDriver.java:213)
at org.openqa.selenium.remote.RemoteWebDriver.<init>(RemoteWebDriver.java:131)
at org.openqa.selenium.chrome.ChromeDriver.<init>(ChromeDriver.java:181)
at org.openqa.selenium.chrome.ChromeDriver.<init>(ChromeDriver.java:168)
at org.openqa.selenium.chrome.ChromeDriver.<init>(ChromeDriver.java:123)
at base.Test_Base.initialization(Test_Base.java:34)
at test_cases.Orange_HRM_Homepage_Test.launch_browser(Orange_HRM_Homepage_Test.java:24)
at java.util.ArrayList.forEach(ArrayList.java:1259)
... Removed 35 stack frames]]>
    </failure>
  </testcase> <!-- @BeforeMethod launch_browser -->
  <testcase name="@AfterMethod close_browser" time="-1.619983850012E9" classname="test_cases.Orange_HRM_Homepage_Test">
    <skipped/>
  </testcase> <!-- @AfterMethod close_browser -->
  <testcase name="@BeforeMethod launch_browser" time="-1.619983850014E9" classname="test_cases.Orange_HRM_Homepage_Test">
    <skipped/>
  </testcase> <!-- @BeforeMethod launch_browser -->
  <testcase name="@AfterMethod close_browser" time="-1.619983850018E9" classname="test_cases.Orange_HRM_Homepage_Test">
    <skipped/>
  </testcase> <!-- @AfterMethod close_browser -->
  <testcase name="loginPage_title_test" time="0.0" classname="test_cases.Orange_HRM_LoginPage_Test">
    <skipped/>
  </testcase> <!-- loginPage_title_test -->
  <testcase name="login_to_application" time="0.0" classname="test_cases.Orange_HRM_LoginPage_Test">
    <skipped/>
  </testcase> <!-- login_to_application -->
  <testcase name="verify_page_title" time="0.0" classname="test_cases.Orange_HRM_Homepage_Test">
    <skipped/>
  </testcase> <!-- verify_page_title -->
  <testcase name="verify_existing_user" time="0.0" classname="test_cases.Orange_HRM_Homepage_Test">
    <skipped/>
  </testcase> <!-- verify_existing_user -->
</testsuite> <!-- Test -->
