<!DOCTYPE html PUBLIC "-//W3C//DTD XHTML 1.1//EN" "https://www.w3.org/TR/xhtml11/DTD/xhtml11.dtd">
<html xmlns="https://www.w3.org/1999/xhtml">
<head>
<meta http-equiv="content-type" content="text/html; charset=UTF-8"/>
<title>TestNG Report</title>
<style type="text/css">table {margin-bottom:10px;border-collapse:collapse;empty-cells:show}th,td {border:1px solid #009;padding:.25em .5em}th {vertical-align:bottom}td {vertical-align:top}table a {font-weight:bold}.stripe td {background-color: #E6EBF9}.num {text-align:right}.passedodd td {background-color: #3F3}.passedeven td {background-color: #0A0}.skippedodd td {background-color: #DDD}.skippedeven td {background-color: #CCC}.failedodd td,.attn {background-color: #F33}.failedeven td,.stripe .attn {background-color: #D00}.stacktrace {white-space:pre;font-family:monospace}.totop {font-size:85%;text-align:center;border-bottom:2px solid #000}.invisible {display:none}</style>
</head>
<body>
<table>
<tr><th>Test</th><th># Passed</th><th># Skipped</th><th># Retried</th><th># Failed</th><th>Time (ms)</th><th>Included Groups</th><th>Excluded Groups</th></tr>
<tr><th colspan="8">Suite</th></tr>
<tr><td><a href="#t0">Test</a></td><td class="num">0</td><td class="num attn">4</td><td class="num">0</td><td class="num">0</td><td class="num">2,932</td><td></td><td></td></tr>
</table>
<table id='summary'><thead><tr><th>Class</th><th>Method</th><th>Start</th><th>Time (ms)</th></tr></thead><tbody><tr><th colspan="4">Suite</th></tr></tbody><tbody id="t0"><tr><th colspan="4">Test &#8212; failed (configuration methods)</th></tr><tr class="failedeven"><td rowspan="1">test_cases.Orange_HRM_Homepage_Test</td><td><a href="#m0">launch_browser</a></td><td rowspan="1">1619983848878</td><td rowspan="1">1124</td></tr><tr class="failedodd"><td rowspan="1">test_cases.Orange_HRM_LoginPage_Test</td><td><a href="#m1">launch_browser</a></td><td rowspan="1">1619983847123</td><td rowspan="1">1731</td></tr><tr><th colspan="4">Test &#8212; skipped (configuration methods)</th></tr><tr class="skippedeven"><td rowspan="3">test_cases.Orange_HRM_Homepage_Test</td><td><a href="#m2">close_browser</a></td><td rowspan="2">1619983850018</td><td rowspan="2">-1619983850018</td></tr><tr class="skippedeven"><td><a href="#m3">close_browser</a></td></tr><tr class="skippedeven"><td><a href="#m4">launch_browser</a></td><td rowspan="1">1619983850014</td><td rowspan="1">-1619983850014</td></tr><tr class="skippedodd"><td rowspan="3">test_cases.Orange_HRM_LoginPage_Test</td><td><a href="#m5">close_browser</a></td><td rowspan="2">1619983848876</td><td rowspan="2">-1619983848876</td></tr><tr class="skippedodd"><td><a href="#m6">close_browser</a></td></tr><tr class="skippedodd"><td><a href="#m7">launch_browser</a></td><td rowspan="1">1619983848871</td><td rowspan="1">-1619983848871</td></tr><tr><th colspan="4">Test &#8212; skipped</th></tr><tr class="skippedeven"><td rowspan="2">test_cases.Orange_HRM_Homepage_Test</td><td><a href="#m8">verify_existing_user</a></td><td rowspan="1">1619983850015</td><td rowspan="1">0</td></tr><tr class="skippedeven"><td><a href="#m9">verify_page_title</a></td><td rowspan="1">1619983850006</td><td rowspan="1">0</td></tr><tr class="skippedodd"><td rowspan="2">test_cases.Orange_HRM_LoginPage_Test</td><td><a href="#m10">loginPage_title_test</a></td><td rowspan="1">1619983848863</td><td rowspan="1">0</td></tr><tr class="skippedodd"><td><a href="#m11">login_to_application</a></td><td rowspan="1">1619983848872</td><td rowspan="1">0</td></tr></tbody>
</table>
<h2>Test</h2><h3 id="m0">test_cases.Orange_HRM_Homepage_Test#launch_browser</h3><table class="result"><tr><th>Exception</th></tr><tr><td><div class="stacktrace">org.openqa.selenium.SessionNotCreatedException: session not created: This version of ChromeDriver only supports Chrome version 88
Current browser version is 90.0.4430.93 with binary path C:\Program Files\Google\Chrome\Application\chrome.exe
Build info: version: &apos;3.141.59&apos;, revision: &apos;e82be7d358&apos;, time: &apos;2018-11-14T08:17:03&apos;
System info: host: &apos;DESKTOP-35GOPG2&apos;, ip: &apos;192.168.0.109&apos;, os.name: &apos;Windows 10&apos;, os.arch: &apos;amd64&apos;, os.version: &apos;10.0&apos;, java.version: &apos;1.8.0_281&apos;
Driver info: driver.version: ChromeDriver
remote stacktrace: Backtrace:
	GetHandleVerifier [0x0079B963+483]
	GetHandleVerifier [0x0079B941+449]
	GetHandleVerifier [0x00B43308+3832712]
	GetHandleVerifier [0x00B5D69A+3940122]
	GetHandleVerifier [0x00B59AFB+3924859]
	GetHandleVerifier [0x00B57D9C+3917340]
	GetHandleVerifier [0x00B7E7FE+4075646]
	GetHandleVerifier [0x00B7E56C+4074988]
	GetHandleVerifier [0x00B7B2EB+4062059]
	GetHandleVerifier [0x00B5ED14+3945876]
	GetHandleVerifier [0x00B5FBCE+3949646]
	GetHandleVerifier [0x00B5FB59+3949529]
	Ordinal0 [0x0075B5CC+46540]
	Ordinal0 [0x00759F53+40787]
	Ordinal0 [0x00759B12+39698]
	GetHandleVerifier [0x00A61468+2907368]
	GetHandleVerifier [0x008A71EE+1096302]
	GetHandleVerifier [0x00863E8D+821005]
	GetHandleVerifier [0x0086396B+819691]
	GetHandleVerifier [0x00863881+819457]
	GetHandleVerifier [0x0088F463+998627]
	BaseThreadInitThunk [0x769DFA29+25]
	RtlGetAppContainerNamedObjectPath [0x77EA7A4E+286]
	RtlGetAppContainerNamedObjectPath [0x77EA7A1E+238]

	at org.openqa.selenium.remote.W3CHandshakeResponse.lambda$errorHandler$0(W3CHandshakeResponse.java:62)
	at org.openqa.selenium.remote.HandshakeResponse.lambda$getResponseFunction$0(HandshakeResponse.java:30)
	at org.openqa.selenium.remote.ProtocolHandshake.lambda$createSession$0(ProtocolHandshake.java:126)
	at java.util.stream.ReferencePipeline$3$1.accept(ReferencePipeline.java:193)
	at java.util.Spliterators$ArraySpliterator.tryAdvance(Spliterators.java:958)
	at java.util.stream.ReferencePipeline.forEachWithCancel(ReferencePipeline.java:126)
	at java.util.stream.AbstractPipeline.copyIntoWithCancel(AbstractPipeline.java:499)
	at java.util.stream.AbstractPipeline.copyInto(AbstractPipeline.java:486)
	at java.util.stream.AbstractPipeline.wrapAndCopyInto(AbstractPipeline.java:472)
	at java.util.stream.FindOps$FindOp.evaluateSequential(FindOps.java:152)
	at java.util.stream.AbstractPipeline.evaluate(AbstractPipeline.java:234)
	at java.util.stream.ReferencePipeline.findFirst(ReferencePipeline.java:464)
	at org.openqa.selenium.remote.ProtocolHandshake.createSession(ProtocolHandshake.java:128)
	at org.openqa.selenium.remote.ProtocolHandshake.createSession(ProtocolHandshake.java:74)
	at org.openqa.selenium.remote.HttpCommandExecutor.execute(HttpCommandExecutor.java:136)
	at org.openqa.selenium.remote.service.DriverCommandExecutor.execute(DriverCommandExecutor.java:83)
	at org.openqa.selenium.remote.RemoteWebDriver.execute(RemoteWebDriver.java:552)
	at org.openqa.selenium.remote.RemoteWebDriver.startSession(RemoteWebDriver.java:213)
	at org.openqa.selenium.remote.RemoteWebDriver.&lt;init&gt;(RemoteWebDriver.java:131)
	at org.openqa.selenium.chrome.ChromeDriver.&lt;init&gt;(ChromeDriver.java:181)
	at org.openqa.selenium.chrome.ChromeDriver.&lt;init&gt;(ChromeDriver.java:168)
	at org.openqa.selenium.chrome.ChromeDriver.&lt;init&gt;(ChromeDriver.java:123)
	at base.Test_Base.initialization(Test_Base.java:34)
	at test_cases.Orange_HRM_Homepage_Test.launch_browser(Orange_HRM_Homepage_Test.java:24)
	at java.util.ArrayList.forEach(ArrayList.java:1259)
... Removed 35 stack frames</div></td></tr></table><p class="totop"><a href="#summary">back to summary</a></p>
<h3 id="m1">test_cases.Orange_HRM_LoginPage_Test#launch_browser</h3><table class="result"><tr><th>Exception</th></tr><tr><td><div class="stacktrace">org.openqa.selenium.SessionNotCreatedException: session not created: This version of ChromeDriver only supports Chrome version 88
Current browser version is 90.0.4430.93 with binary path C:\Program Files\Google\Chrome\Application\chrome.exe
Build info: version: &apos;3.141.59&apos;, revision: &apos;e82be7d358&apos;, time: &apos;2018-11-14T08:17:03&apos;
System info: host: &apos;DESKTOP-35GOPG2&apos;, ip: &apos;192.168.0.109&apos;, os.name: &apos;Windows 10&apos;, os.arch: &apos;amd64&apos;, os.version: &apos;10.0&apos;, java.version: &apos;1.8.0_281&apos;
Driver info: driver.version: ChromeDriver
remote stacktrace: Backtrace:
	GetHandleVerifier [0x0079B963+483]
	GetHandleVerifier [0x0079B941+449]
	GetHandleVerifier [0x00B43308+3832712]
	GetHandleVerifier [0x00B5D69A+3940122]
	GetHandleVerifier [0x00B59AFB+3924859]
	GetHandleVerifier [0x00B57D9C+3917340]
	GetHandleVerifier [0x00B7E7FE+4075646]
	GetHandleVerifier [0x00B7E56C+4074988]
	GetHandleVerifier [0x00B7B2EB+4062059]
	GetHandleVerifier [0x00B5ED14+3945876]
	GetHandleVerifier [0x00B5FBCE+3949646]
	GetHandleVerifier [0x00B5FB59+3949529]
	Ordinal0 [0x0075B5CC+46540]
	Ordinal0 [0x00759F53+40787]
	Ordinal0 [0x00759B12+39698]
	GetHandleVerifier [0x00A61468+2907368]
	GetHandleVerifier [0x008A71EE+1096302]
	GetHandleVerifier [0x00863E8D+821005]
	GetHandleVerifier [0x0086396B+819691]
	GetHandleVerifier [0x00863881+819457]
	GetHandleVerifier [0x0088F463+998627]
	BaseThreadInitThunk [0x769DFA29+25]
	RtlGetAppContainerNamedObjectPath [0x77EA7A4E+286]
	RtlGetAppContainerNamedObjectPath [0x77EA7A1E+238]

	at org.openqa.selenium.remote.W3CHandshakeResponse.lambda$errorHandler$0(W3CHandshakeResponse.java:62)
	at org.openqa.selenium.remote.HandshakeResponse.lambda$getResponseFunction$0(HandshakeResponse.java:30)
	at org.openqa.selenium.remote.ProtocolHandshake.lambda$createSession$0(ProtocolHandshake.java:126)
	at java.util.stream.ReferencePipeline$3$1.accept(ReferencePipeline.java:193)
	at java.util.Spliterators$ArraySpliterator.tryAdvance(Spliterators.java:958)
	at java.util.stream.ReferencePipeline.forEachWithCancel(ReferencePipeline.java:126)
	at java.util.stream.AbstractPipeline.copyIntoWithCancel(AbstractPipeline.java:499)
	at java.util.stream.AbstractPipeline.copyInto(AbstractPipeline.java:486)
	at java.util.stream.AbstractPipeline.wrapAndCopyInto(AbstractPipeline.java:472)
	at java.util.stream.FindOps$FindOp.evaluateSequential(FindOps.java:152)
	at java.util.stream.AbstractPipeline.evaluate(AbstractPipeline.java:234)
	at java.util.stream.ReferencePipeline.findFirst(ReferencePipeline.java:464)
	at org.openqa.selenium.remote.ProtocolHandshake.createSession(ProtocolHandshake.java:128)
	at org.openqa.selenium.remote.ProtocolHandshake.createSession(ProtocolHandshake.java:74)
	at org.openqa.selenium.remote.HttpCommandExecutor.execute(HttpCommandExecutor.java:136)
	at org.openqa.selenium.remote.service.DriverCommandExecutor.execute(DriverCommandExecutor.java:83)
	at org.openqa.selenium.remote.RemoteWebDriver.execute(RemoteWebDriver.java:552)
	at org.openqa.selenium.remote.RemoteWebDriver.startSession(RemoteWebDriver.java:213)
	at org.openqa.selenium.remote.RemoteWebDriver.&lt;init&gt;(RemoteWebDriver.java:131)
	at org.openqa.selenium.chrome.ChromeDriver.&lt;init&gt;(ChromeDriver.java:181)
	at org.openqa.selenium.chrome.ChromeDriver.&lt;init&gt;(ChromeDriver.java:168)
	at org.openqa.selenium.chrome.ChromeDriver.&lt;init&gt;(ChromeDriver.java:123)
	at base.Test_Base.initialization(Test_Base.java:34)
	at test_cases.Orange_HRM_LoginPage_Test.launch_browser(Orange_HRM_LoginPage_Test.java:25)
	at java.util.ArrayList.forEach(ArrayList.java:1259)
... Removed 35 stack frames</div></td></tr></table><p class="totop"><a href="#summary">back to summary</a></p>
<h3 id="m2">test_cases.Orange_HRM_Homepage_Test#close_browser</h3><table class="result"><tr><th class="invisible"/></tr></table><p class="totop"><a href="#summary">back to summary</a></p>
<h3 id="m3">test_cases.Orange_HRM_Homepage_Test#close_browser</h3><table class="result"><tr><th class="invisible"/></tr></table><p class="totop"><a href="#summary">back to summary</a></p>
<h3 id="m4">test_cases.Orange_HRM_Homepage_Test#launch_browser</h3><table class="result"><tr><th class="invisible"/></tr></table><p class="totop"><a href="#summary">back to summary</a></p>
<h3 id="m5">test_cases.Orange_HRM_LoginPage_Test#close_browser</h3><table class="result"><tr><th class="invisible"/></tr></table><p class="totop"><a href="#summary">back to summary</a></p>
<h3 id="m6">test_cases.Orange_HRM_LoginPage_Test#close_browser</h3><table class="result"><tr><th class="invisible"/></tr></table><p class="totop"><a href="#summary">back to summary</a></p>
<h3 id="m7">test_cases.Orange_HRM_LoginPage_Test#launch_browser</h3><table class="result"><tr><th class="invisible"/></tr></table><p class="totop"><a href="#summary">back to summary</a></p>
<h3 id="m8">test_cases.Orange_HRM_Homepage_Test#verify_existing_user</h3><table class="result"><tr><th>Exception</th></tr><tr><td><div class="stacktrace">org.openqa.selenium.SessionNotCreatedException: session not created: This version of ChromeDriver only supports Chrome version 88
Current browser version is 90.0.4430.93 with binary path C:\Program Files\Google\Chrome\Application\chrome.exe
Build info: version: &apos;3.141.59&apos;, revision: &apos;e82be7d358&apos;, time: &apos;2018-11-14T08:17:03&apos;
System info: host: &apos;DESKTOP-35GOPG2&apos;, ip: &apos;192.168.0.109&apos;, os.name: &apos;Windows 10&apos;, os.arch: &apos;amd64&apos;, os.version: &apos;10.0&apos;, java.version: &apos;1.8.0_281&apos;
Driver info: driver.version: ChromeDriver
remote stacktrace: Backtrace:
	GetHandleVerifier [0x0079B963+483]
	GetHandleVerifier [0x0079B941+449]
	GetHandleVerifier [0x00B43308+3832712]
	GetHandleVerifier [0x00B5D69A+3940122]
	GetHandleVerifier [0x00B59AFB+3924859]
	GetHandleVerifier [0x00B57D9C+3917340]
	GetHandleVerifier [0x00B7E7FE+4075646]
	GetHandleVerifier [0x00B7E56C+4074988]
	GetHandleVerifier [0x00B7B2EB+4062059]
	GetHandleVerifier [0x00B5ED14+3945876]
	GetHandleVerifier [0x00B5FBCE+3949646]
	GetHandleVerifier [0x00B5FB59+3949529]
	Ordinal0 [0x0075B5CC+46540]
	Ordinal0 [0x00759F53+40787]
	Ordinal0 [0x00759B12+39698]
	GetHandleVerifier [0x00A61468+2907368]
	GetHandleVerifier [0x008A71EE+1096302]
	GetHandleVerifier [0x00863E8D+821005]
	GetHandleVerifier [0x0086396B+819691]
	GetHandleVerifier [0x00863881+819457]
	GetHandleVerifier [0x0088F463+998627]
	BaseThreadInitThunk [0x769DFA29+25]
	RtlGetAppContainerNamedObjectPath [0x77EA7A4E+286]
	RtlGetAppContainerNamedObjectPath [0x77EA7A1E+238]

	at org.openqa.selenium.remote.W3CHandshakeResponse.lambda$errorHandler$0(W3CHandshakeResponse.java:62)
	at org.openqa.selenium.remote.HandshakeResponse.lambda$getResponseFunction$0(HandshakeResponse.java:30)
	at org.openqa.selenium.remote.ProtocolHandshake.lambda$createSession$0(ProtocolHandshake.java:126)
	at java.util.stream.ReferencePipeline$3$1.accept(ReferencePipeline.java:193)
	at java.util.Spliterators$ArraySpliterator.tryAdvance(Spliterators.java:958)
	at java.util.stream.ReferencePipeline.forEachWithCancel(ReferencePipeline.java:126)
	at java.util.stream.AbstractPipeline.copyIntoWithCancel(AbstractPipeline.java:499)
	at java.util.stream.AbstractPipeline.copyInto(AbstractPipeline.java:486)
	at java.util.stream.AbstractPipeline.wrapAndCopyInto(AbstractPipeline.java:472)
	at java.util.stream.FindOps$FindOp.evaluateSequential(FindOps.java:152)
	at java.util.stream.AbstractPipeline.evaluate(AbstractPipeline.java:234)
	at java.util.stream.ReferencePipeline.findFirst(ReferencePipeline.java:464)
	at org.openqa.selenium.remote.ProtocolHandshake.createSession(ProtocolHandshake.java:128)
	at org.openqa.selenium.remote.ProtocolHandshake.createSession(ProtocolHandshake.java:74)
	at org.openqa.selenium.remote.HttpCommandExecutor.execute(HttpCommandExecutor.java:136)
	at org.openqa.selenium.remote.service.DriverCommandExecutor.execute(DriverCommandExecutor.java:83)
	at org.openqa.selenium.remote.RemoteWebDriver.execute(RemoteWebDriver.java:552)
	at org.openqa.selenium.remote.RemoteWebDriver.startSession(RemoteWebDriver.java:213)
	at org.openqa.selenium.remote.RemoteWebDriver.&lt;init&gt;(RemoteWebDriver.java:131)
	at org.openqa.selenium.chrome.ChromeDriver.&lt;init&gt;(ChromeDriver.java:181)
	at org.openqa.selenium.chrome.ChromeDriver.&lt;init&gt;(ChromeDriver.java:168)
	at org.openqa.selenium.chrome.ChromeDriver.&lt;init&gt;(ChromeDriver.java:123)
	at base.Test_Base.initialization(Test_Base.java:34)
	at test_cases.Orange_HRM_Homepage_Test.launch_browser(Orange_HRM_Homepage_Test.java:24)
	at java.util.ArrayList.forEach(ArrayList.java:1259)
... Removed 35 stack frames</div></td></tr></table><p class="totop"><a href="#summary">back to summary</a></p>
<h3 id="m9">test_cases.Orange_HRM_Homepage_Test#verify_page_title</h3><table class="result"><tr><th>Exception</th></tr><tr><td><div class="stacktrace">org.openqa.selenium.SessionNotCreatedException: session not created: This version of ChromeDriver only supports Chrome version 88
Current browser version is 90.0.4430.93 with binary path C:\Program Files\Google\Chrome\Application\chrome.exe
Build info: version: &apos;3.141.59&apos;, revision: &apos;e82be7d358&apos;, time: &apos;2018-11-14T08:17:03&apos;
System info: host: &apos;DESKTOP-35GOPG2&apos;, ip: &apos;192.168.0.109&apos;, os.name: &apos;Windows 10&apos;, os.arch: &apos;amd64&apos;, os.version: &apos;10.0&apos;, java.version: &apos;1.8.0_281&apos;
Driver info: driver.version: ChromeDriver
remote stacktrace: Backtrace:
	GetHandleVerifier [0x0079B963+483]
	GetHandleVerifier [0x0079B941+449]
	GetHandleVerifier [0x00B43308+3832712]
	GetHandleVerifier [0x00B5D69A+3940122]
	GetHandleVerifier [0x00B59AFB+3924859]
	GetHandleVerifier [0x00B57D9C+3917340]
	GetHandleVerifier [0x00B7E7FE+4075646]
	GetHandleVerifier [0x00B7E56C+4074988]
	GetHandleVerifier [0x00B7B2EB+4062059]
	GetHandleVerifier [0x00B5ED14+3945876]
	GetHandleVerifier [0x00B5FBCE+3949646]
	GetHandleVerifier [0x00B5FB59+3949529]
	Ordinal0 [0x0075B5CC+46540]
	Ordinal0 [0x00759F53+40787]
	Ordinal0 [0x00759B12+39698]
	GetHandleVerifier [0x00A61468+2907368]
	GetHandleVerifier [0x008A71EE+1096302]
	GetHandleVerifier [0x00863E8D+821005]
	GetHandleVerifier [0x0086396B+819691]
	GetHandleVerifier [0x00863881+819457]
	GetHandleVerifier [0x0088F463+998627]
	BaseThreadInitThunk [0x769DFA29+25]
	RtlGetAppContainerNamedObjectPath [0x77EA7A4E+286]
	RtlGetAppContainerNamedObjectPath [0x77EA7A1E+238]

	at org.openqa.selenium.remote.W3CHandshakeResponse.lambda$errorHandler$0(W3CHandshakeResponse.java:62)
	at org.openqa.selenium.remote.HandshakeResponse.lambda$getResponseFunction$0(HandshakeResponse.java:30)
	at org.openqa.selenium.remote.ProtocolHandshake.lambda$createSession$0(ProtocolHandshake.java:126)
	at java.util.stream.ReferencePipeline$3$1.accept(ReferencePipeline.java:193)
	at java.util.Spliterators$ArraySpliterator.tryAdvance(Spliterators.java:958)
	at java.util.stream.ReferencePipeline.forEachWithCancel(ReferencePipeline.java:126)
	at java.util.stream.AbstractPipeline.copyIntoWithCancel(AbstractPipeline.java:499)
	at java.util.stream.AbstractPipeline.copyInto(AbstractPipeline.java:486)
	at java.util.stream.AbstractPipeline.wrapAndCopyInto(AbstractPipeline.java:472)
	at java.util.stream.FindOps$FindOp.evaluateSequential(FindOps.java:152)
	at java.util.stream.AbstractPipeline.evaluate(AbstractPipeline.java:234)
	at java.util.stream.ReferencePipeline.findFirst(ReferencePipeline.java:464)
	at org.openqa.selenium.remote.ProtocolHandshake.createSession(ProtocolHandshake.java:128)
	at org.openqa.selenium.remote.ProtocolHandshake.createSession(ProtocolHandshake.java:74)
	at org.openqa.selenium.remote.HttpCommandExecutor.execute(HttpCommandExecutor.java:136)
	at org.openqa.selenium.remote.service.DriverCommandExecutor.execute(DriverCommandExecutor.java:83)
	at org.openqa.selenium.remote.RemoteWebDriver.execute(RemoteWebDriver.java:552)
	at org.openqa.selenium.remote.RemoteWebDriver.startSession(RemoteWebDriver.java:213)
	at org.openqa.selenium.remote.RemoteWebDriver.&lt;init&gt;(RemoteWebDriver.java:131)
	at org.openqa.selenium.chrome.ChromeDriver.&lt;init&gt;(ChromeDriver.java:181)
	at org.openqa.selenium.chrome.ChromeDriver.&lt;init&gt;(ChromeDriver.java:168)
	at org.openqa.selenium.chrome.ChromeDriver.&lt;init&gt;(ChromeDriver.java:123)
	at base.Test_Base.initialization(Test_Base.java:34)
	at test_cases.Orange_HRM_Homepage_Test.launch_browser(Orange_HRM_Homepage_Test.java:24)
	at java.util.ArrayList.forEach(ArrayList.java:1259)
... Removed 35 stack frames</div></td></tr></table><p class="totop"><a href="#summary">back to summary</a></p>
<h3 id="m10">test_cases.Orange_HRM_LoginPage_Test#loginPage_title_test</h3><table class="result"><tr><th>Exception</th></tr><tr><td><div class="stacktrace">org.openqa.selenium.SessionNotCreatedException: session not created: This version of ChromeDriver only supports Chrome version 88
Current browser version is 90.0.4430.93 with binary path C:\Program Files\Google\Chrome\Application\chrome.exe
Build info: version: &apos;3.141.59&apos;, revision: &apos;e82be7d358&apos;, time: &apos;2018-11-14T08:17:03&apos;
System info: host: &apos;DESKTOP-35GOPG2&apos;, ip: &apos;192.168.0.109&apos;, os.name: &apos;Windows 10&apos;, os.arch: &apos;amd64&apos;, os.version: &apos;10.0&apos;, java.version: &apos;1.8.0_281&apos;
Driver info: driver.version: ChromeDriver
remote stacktrace: Backtrace:
	GetHandleVerifier [0x0079B963+483]
	GetHandleVerifier [0x0079B941+449]
	GetHandleVerifier [0x00B43308+3832712]
	GetHandleVerifier [0x00B5D69A+3940122]
	GetHandleVerifier [0x00B59AFB+3924859]
	GetHandleVerifier [0x00B57D9C+3917340]
	GetHandleVerifier [0x00B7E7FE+4075646]
	GetHandleVerifier [0x00B7E56C+4074988]
	GetHandleVerifier [0x00B7B2EB+4062059]
	GetHandleVerifier [0x00B5ED14+3945876]
	GetHandleVerifier [0x00B5FBCE+3949646]
	GetHandleVerifier [0x00B5FB59+3949529]
	Ordinal0 [0x0075B5CC+46540]
	Ordinal0 [0x00759F53+40787]
	Ordinal0 [0x00759B12+39698]
	GetHandleVerifier [0x00A61468+2907368]
	GetHandleVerifier [0x008A71EE+1096302]
	GetHandleVerifier [0x00863E8D+821005]
	GetHandleVerifier [0x0086396B+819691]
	GetHandleVerifier [0x00863881+819457]
	GetHandleVerifier [0x0088F463+998627]
	BaseThreadInitThunk [0x769DFA29+25]
	RtlGetAppContainerNamedObjectPath [0x77EA7A4E+286]
	RtlGetAppContainerNamedObjectPath [0x77EA7A1E+238]

	at org.openqa.selenium.remote.W3CHandshakeResponse.lambda$errorHandler$0(W3CHandshakeResponse.java:62)
	at org.openqa.selenium.remote.HandshakeResponse.lambda$getResponseFunction$0(HandshakeResponse.java:30)
	at org.openqa.selenium.remote.ProtocolHandshake.lambda$createSession$0(ProtocolHandshake.java:126)
	at java.util.stream.ReferencePipeline$3$1.accept(ReferencePipeline.java:193)
	at java.util.Spliterators$ArraySpliterator.tryAdvance(Spliterators.java:958)
	at java.util.stream.ReferencePipeline.forEachWithCancel(ReferencePipeline.java:126)
	at java.util.stream.AbstractPipeline.copyIntoWithCancel(AbstractPipeline.java:499)
	at java.util.stream.AbstractPipeline.copyInto(AbstractPipeline.java:486)
	at java.util.stream.AbstractPipeline.wrapAndCopyInto(AbstractPipeline.java:472)
	at java.util.stream.FindOps$FindOp.evaluateSequential(FindOps.java:152)
	at java.util.stream.AbstractPipeline.evaluate(AbstractPipeline.java:234)
	at java.util.stream.ReferencePipeline.findFirst(ReferencePipeline.java:464)
	at org.openqa.selenium.remote.ProtocolHandshake.createSession(ProtocolHandshake.java:128)
	at org.openqa.selenium.remote.ProtocolHandshake.createSession(ProtocolHandshake.java:74)
	at org.openqa.selenium.remote.HttpCommandExecutor.execute(HttpCommandExecutor.java:136)
	at org.openqa.selenium.remote.service.DriverCommandExecutor.execute(DriverCommandExecutor.java:83)
	at org.openqa.selenium.remote.RemoteWebDriver.execute(RemoteWebDriver.java:552)
	at org.openqa.selenium.remote.RemoteWebDriver.startSession(RemoteWebDriver.java:213)
	at org.openqa.selenium.remote.RemoteWebDriver.&lt;init&gt;(RemoteWebDriver.java:131)
	at org.openqa.selenium.chrome.ChromeDriver.&lt;init&gt;(ChromeDriver.java:181)
	at org.openqa.selenium.chrome.ChromeDriver.&lt;init&gt;(ChromeDriver.java:168)
	at org.openqa.selenium.chrome.ChromeDriver.&lt;init&gt;(ChromeDriver.java:123)
	at base.Test_Base.initialization(Test_Base.java:34)
	at test_cases.Orange_HRM_LoginPage_Test.launch_browser(Orange_HRM_LoginPage_Test.java:25)
	at java.util.ArrayList.forEach(ArrayList.java:1259)
... Removed 35 stack frames</div></td></tr></table><p class="totop"><a href="#summary">back to summary</a></p>
<h3 id="m11">test_cases.Orange_HRM_LoginPage_Test#login_to_application</h3><table class="result"><tr><th>Exception</th></tr><tr><td><div class="stacktrace">org.openqa.selenium.SessionNotCreatedException: session not created: This version of ChromeDriver only supports Chrome version 88
Current browser version is 90.0.4430.93 with binary path C:\Program Files\Google\Chrome\Application\chrome.exe
Build info: version: &apos;3.141.59&apos;, revision: &apos;e82be7d358&apos;, time: &apos;2018-11-14T08:17:03&apos;
System info: host: &apos;DESKTOP-35GOPG2&apos;, ip: &apos;192.168.0.109&apos;, os.name: &apos;Windows 10&apos;, os.arch: &apos;amd64&apos;, os.version: &apos;10.0&apos;, java.version: &apos;1.8.0_281&apos;
Driver info: driver.version: ChromeDriver
remote stacktrace: Backtrace:
	GetHandleVerifier [0x0079B963+483]
	GetHandleVerifier [0x0079B941+449]
	GetHandleVerifier [0x00B43308+3832712]
	GetHandleVerifier [0x00B5D69A+3940122]
	GetHandleVerifier [0x00B59AFB+3924859]
	GetHandleVerifier [0x00B57D9C+3917340]
	GetHandleVerifier [0x00B7E7FE+4075646]
	GetHandleVerifier [0x00B7E56C+4074988]
	GetHandleVerifier [0x00B7B2EB+4062059]
	GetHandleVerifier [0x00B5ED14+3945876]
	GetHandleVerifier [0x00B5FBCE+3949646]
	GetHandleVerifier [0x00B5FB59+3949529]
	Ordinal0 [0x0075B5CC+46540]
	Ordinal0 [0x00759F53+40787]
	Ordinal0 [0x00759B12+39698]
	GetHandleVerifier [0x00A61468+2907368]
	GetHandleVerifier [0x008A71EE+1096302]
	GetHandleVerifier [0x00863E8D+821005]
	GetHandleVerifier [0x0086396B+819691]
	GetHandleVerifier [0x00863881+819457]
	GetHandleVerifier [0x0088F463+998627]
	BaseThreadInitThunk [0x769DFA29+25]
	RtlGetAppContainerNamedObjectPath [0x77EA7A4E+286]
	RtlGetAppContainerNamedObjectPath [0x77EA7A1E+238]

	at org.openqa.selenium.remote.W3CHandshakeResponse.lambda$errorHandler$0(W3CHandshakeResponse.java:62)
	at org.openqa.selenium.remote.HandshakeResponse.lambda$getResponseFunction$0(HandshakeResponse.java:30)
	at org.openqa.selenium.remote.ProtocolHandshake.lambda$createSession$0(ProtocolHandshake.java:126)
	at java.util.stream.ReferencePipeline$3$1.accept(ReferencePipeline.java:193)
	at java.util.Spliterators$ArraySpliterator.tryAdvance(Spliterators.java:958)
	at java.util.stream.ReferencePipeline.forEachWithCancel(ReferencePipeline.java:126)
	at java.util.stream.AbstractPipeline.copyIntoWithCancel(AbstractPipeline.java:499)
	at java.util.stream.AbstractPipeline.copyInto(AbstractPipeline.java:486)
	at java.util.stream.AbstractPipeline.wrapAndCopyInto(AbstractPipeline.java:472)
	at java.util.stream.FindOps$FindOp.evaluateSequential(FindOps.java:152)
	at java.util.stream.AbstractPipeline.evaluate(AbstractPipeline.java:234)
	at java.util.stream.ReferencePipeline.findFirst(ReferencePipeline.java:464)
	at org.openqa.selenium.remote.ProtocolHandshake.createSession(ProtocolHandshake.java:128)
	at org.openqa.selenium.remote.ProtocolHandshake.createSession(ProtocolHandshake.java:74)
	at org.openqa.selenium.remote.HttpCommandExecutor.execute(HttpCommandExecutor.java:136)
	at org.openqa.selenium.remote.service.DriverCommandExecutor.execute(DriverCommandExecutor.java:83)
	at org.openqa.selenium.remote.RemoteWebDriver.execute(RemoteWebDriver.java:552)
	at org.openqa.selenium.remote.RemoteWebDriver.startSession(RemoteWebDriver.java:213)
	at org.openqa.selenium.remote.RemoteWebDriver.&lt;init&gt;(RemoteWebDriver.java:131)
	at org.openqa.selenium.chrome.ChromeDriver.&lt;init&gt;(ChromeDriver.java:181)
	at org.openqa.selenium.chrome.ChromeDriver.&lt;init&gt;(ChromeDriver.java:168)
	at org.openqa.selenium.chrome.ChromeDriver.&lt;init&gt;(ChromeDriver.java:123)
	at base.Test_Base.initialization(Test_Base.java:34)
	at test_cases.Orange_HRM_LoginPage_Test.launch_browser(Orange_HRM_LoginPage_Test.java:25)
	at java.util.ArrayList.forEach(ArrayList.java:1259)
... Removed 35 stack frames</div></td></tr></table><p class="totop"><a href="#summary">back to summary</a></p>
</body>
</html>
